C51 COMPILER V9.01   EPROM                                                                 03/06/2021 16:10:38 PAGE 1   


C51 COMPILER V9.01, COMPILATION OF MODULE EPROM
OBJECT MODULE PLACED IN eprom.OBJ
COMPILER INVOKED BY: C:\单片机\C51\BIN\C51.EXE eprom.c BROWSE DEBUG OBJECTEXTEND

line level    source

   1          #include<reg52.h>
   2          #define uchar unsigned char;
   3          #define uint unsigned int;
   4          sbit sda=P2^0;
   5          sbit scl=P2^1;
   6          void delay()
   7          {
   8   1       ;;     //不用太长
   9   1      }
  10          void start()
  11          {
  12   1      sda=1;
  13   1      delay();
  14   1      scl=1;
  15   1      delay();
  16   1      sda=0;
  17   1      delay();
  18   1      }
  19          void stop()
  20          {
  21   1      sda=0;
  22   1      delay();
  23   1      scl=1;
  24   1      delay();
  25   1      sda=1;
  26   1      delay();
  27   1      }
  28          void response()//应答信号
  29          {
  30   1      uchar i=0;
*** ERROR C202 IN LINE 30 OF EPROM.C: 'i': undefined identifier
  31   1      scl=1;
  32   1      while((sda==1)&&(i<255))//应答或超时应答
*** ERROR C202 IN LINE 32 OF EPROM.C: 'i': undefined identifier
  33   1      {i++;}
*** ERROR C202 IN LINE 33 OF EPROM.C: 'i': undefined identifier
  34   1      scl=0;
  35   1      delay();
  36   1      }
  37          void init()
  38          {
  39   1      sda=1;
  40   1      scl=1;
  41   1      }
  42          void write_byte(uchar date)
*** ERROR C141 IN LINE 42 OF EPROM.C: syntax error near ';'
  43          {
  44   1      uchar i,temp;
*** ERROR C202 IN LINE 44 OF EPROM.C: 'i': undefined identifier
  45   1      scl=0;
  46   1      temp=date;
*** ERROR C202 IN LINE 46 OF EPROM.C: 'temp': undefined identifier
  47   1      delay();
  48   1      for(i=0;i<8;i++)
*** ERROR C202 IN LINE 48 OF EPROM.C: 'i': undefined identifier
C51 COMPILER V9.01   EPROM                                                                 03/06/2021 16:10:38 PAGE 2   

  49   1      {
  50   2      temp=temp<<1;
*** ERROR C202 IN LINE 50 OF EPROM.C: 'temp': undefined identifier
  51   2      sda=CY;
  52   2      delay();
  53   2      scl=1;
  54   2      delay();
  55   2      scl=0;
  56   2      }
  57   1      sda=1;
  58   1      delay();
  59   1      }  
  60          uchar read_byte()
  61          {
  62   1      uchar i,j,k;
*** ERROR C202 IN LINE 62 OF EPROM.C: 'i': undefined identifier
  63   1      scl=0;
  64   1      delay();
  65   1      sda=1;
  66   1      delay();
  67   1      for(i=0;i<8;i++)
*** ERROR C202 IN LINE 67 OF EPROM.C: 'i': undefined identifier
  68   1      {
  69   2      scl=1;
  70   2      delay();
  71   2      j=sda;
*** ERROR C202 IN LINE 71 OF EPROM.C: 'j': undefined identifier
  72   2      k=(k<<1)|j;
*** ERROR C202 IN LINE 72 OF EPROM.C: 'k': undefined identifier
  73   2      scl=0;
  74   2      delay();
  75   2      }
  76   1      return(a);
*** ERROR C202 IN LINE 76 OF EPROM.C: 'a': undefined identifier
  77   1      }
  78          void main()
  79          {
  80   1      init();
  81   1      start();
  82   1      write_byte(0xa0);//器件地址
  83   1      response();      //应答
  84   1      write_byte(3);   //写入地址
  85   1      response();
  86   1      write_byte(0xfe);//写入数据
  87   1      response();
  88   1      stop();
  89   1      start();
  90   1      write_byte(0xa0);
  91   1      response();
  92   1      write_byte(3);
  93   1      response();
  94   1      wirte_byte(0xa1);
  95   1      response();
  96   1      P1=read_byte();
  97   1      stop();
  98   1      while(1);
  99   1      }

C51 COMPILATION COMPLETE.  0 WARNING(S),  13 ERROR(S)
