C51 COMPILER V9.01   EXCRISE001                                                            02/27/2021 15:26:18 PAGE 1   


C51 COMPILER V9.01, COMPILATION OF MODULE EXCRISE001
OBJECT MODULE PLACED IN excrise001.OBJ
COMPILER INVOKED BY: C:\单片机\C51\BIN\C51.EXE excrise001.c BROWSE DEBUG OBJECTEXTEND

line level    source

   1          #include<reg52.h>
   2          #include<intrins.h>
   3          #define uint unsigned int
   4          #define uchar unsigned char
   5          uchar temp,aa,bai,shi,ge;
   6          sbit dula=P2^6;
   7          sbit wela=P2^7;
   8          void init();
   9          void delay(uint);
  10          void display(uchar,uchar,uchar);
  11          uchar code table[]={  0x3f,0x06,0x5b,0x4f,
  12                                                    0x66,0x6d,0x7d,0x07,
  13                                                    0x7f,0x6f,0x77,0x7c,
  14                                                    0x39,0x5e,0x79,0x71};
  15          void main()
  16          {
  17   1      init();  //初始化子程序
  18   1      while(1)
  19   1      {
  20   2      if(aa==20)
  21   2      {
  22   3      aa=0;
  23   3      temp++;
  24   3      if(temp==100)
  25   3      temp=0;
  26   3      bai=temp/100;
  27   3      shi=temp%100/10;
  28   3      ge=temp%10;
  29   3      display(bai,shi,ge);
  30   3       }
  31   2      }
  32   1      }
  33            void timer0() interrupt 1
  34          {
  35   1        TH0=(65536-50000)/256;
  36   1        TL0=(65536-50000)%256;
  37   1        aa++;
  38   1      }
  39          void display(uchar bai,uchar shi,uchar ge)
  40          {
  41   1      P0=0xff;//消隐
  42   1      wela=1;
  43   1      P0=0xfe;
  44   1      wela=0;
  45   1      dula=1;
  46   1      P0=table[bai];
  47   1      dula=0;
  48   1      delay(1);
  49   1      
  50   1      P0=0xff;//
  51   1      wela=1;
  52   1      P0=0xfd;
  53   1      wela=0;
  54   1      dula=1;
  55   1      P0=table[shi];
C51 COMPILER V9.01   EXCRISE001                                                            02/27/2021 15:26:18 PAGE 2   

  56   1      dula=0;
  57   1      delay(1);
  58   1      
  59   1      P0=0xff;//
  60   1      wela=1;
  61   1      P0=0xfb;
  62   1      wela=0;
  63   1      dula=1;
  64   1      P0=table[ge];
  65   1      dula=0;
  66   1      delay(1);
  67   1      }
  68                       
  69             void init()
  70             {
  71   1         wela=0;
  72   1         dula=0;
  73   1         temp=0;
  74   1         TMOD=0x01;             //定时器模式1
  75   1         TH0=(65536-50000)/256; //定时器初始化为约50毫秒每次中断
  76   1         TL0=(65536-50000)/256;
  77   1         EA=1;                                  //总中断打开
  78   1         ET0=1;                                 //定时器T0中断打卡
  79   1         TR0=1;                 //定时器打开
  80   1         }
  81          
  82          void delay(uint z)
  83          {
  84   1      uint x,y;
  85   1      for(x=z;x>0;x++)
  86   1      for(y=110;y>=0;y++)
  87   1      ;
  88   1      }


MODULE INFORMATION:   STATIC OVERLAYABLE
   CODE SIZE        =    205    ----
   CONSTANT SIZE    =     16    ----
   XDATA SIZE       =   ----    ----
   PDATA SIZE       =   ----    ----
   DATA SIZE        =      5       2
   IDATA SIZE       =   ----    ----
   BIT SIZE         =   ----    ----
END OF MODULE INFORMATION.


C51 COMPILATION COMPLETE.  0 WARNING(S),  0 ERROR(S)
