C51 COMPILER V9.01   HOME                                                                  02/27/2021 17:44:42 PAGE 1   


C51 COMPILER V9.01, COMPILATION OF MODULE HOME
OBJECT MODULE PLACED IN home.OBJ
COMPILER INVOKED BY: C:\单片机\C51\BIN\C51.EXE home.c BROWSE DEBUG OBJECTEXTEND

line level    source

   1          #include<reg52.h>
   2          #include<intrins.h>
   3          #define uint unsigned int
   4          #define uchar unsigned char
   5          uchar code table[]={  0x3f,0x06,0x5b,0x4f,
   6                                                    0x66,0x6d,0x7d,0x07,
   7                                                    0x7f,0x6f,0x77,0x7c,
   8                                                    0x39,0x5e,0x79,0x71
   9                                             };
  10          uchar  code helo[]={0x36,0x79,0x38,0x3f};
  11          void init();
  12          void delay(uint z);
  13          
  14          sbit wela=P2^7;
  15          sbit dula=P2^6;
  16          uchar a0,a1,temp,bai,shi,ge,flag,flag1;
  17          uint shu;
  18          void display1(uchar aa,uchar bb,uchar cc) ;
  19          void display2(uchar bai,uchar shi,uchar ge);
  20          void main()
  21          {
  22   1       init();//初始化并打开T0，T1
  23   1      while(1){
  24   2      if(flag1!=1)
  25   2      {display1(bai,shi,ge);
  26   3      display2(7,8,9);}
  27   2      else
  28   2      {
  29   3      display1(18,19,20);
  30   3      display2(16,17,18);
  31   3      }
  32   2      
  33   2      }
  34   1      }
  35                   void init()
  36             {
  37   1              flag=0;
  38   1              flag1=0;
  39   1         P1=temp;
  40   1         shu=432;
  41   1         temp=0xfe;
  42   1         a0=0;
  43   1         a1=0;
  44   1         TMOD=0x11;             //定时器T0与T1模式1
  45   1         TH0=(65536-50000)/256; //定时器初始化为约50毫秒每次中断
  46   1         TL0=(65536-50000)/256;
  47   1         TH1=(65536-50000)/256;
  48   1         TL1=(65536-50000)/256;
  49   1         EA=1;                                  //总中断打开
  50   1         ET0=1;                                 //定时器T0中断打卡
  51   1         TR0=1;                 //定时器T0打开
  52   1         ET1=1;
  53   1         TR1=1;
  54   1         
  55   1         }
C51 COMPILER V9.01   HOME                                                                  02/27/2021 17:44:42 PAGE 2   

  56          
  57             void time0() interrupt 1
  58             {
  59   1                TH0=(65536-50000)/256;
  60   1            TL0=(65536-50000)/256;
  61   1                a0++;
  62   1                if(flag!=1)
  63   1                {
  64   2                if(a0==10)
  65   2                {
  66   3                a0=1;
  67   3                temp=_crol_(temp,1);
  68   3                P1=temp;
  69   3                }
  70   2                }
  71   1                else{
  72   2                      if(a0%4==0)
  73   2                      {
  74   3                      P1=~P1;
  75   3                      if(a0==60)
  76   3                      {TR0=0;
  77   4                      flag1=1;
  78   4                      P1=0xff;}
  79   3                      }
  80   2                }
  81   1      
  82   1         }
  83             void timer1() interrupt 3
  84             {
  85   1              TH1=(65536-50000)/256;
  86   1          TL1=(65536-50000)/256;
  87   1              a1++;
  88   1              if(a1==2)
  89   1              {
  90   2              a1=0;
  91   2              shu--;
  92   2              bai=shu/100;
  93   2              shi=shu%100/10;
  94   2              ge=shu%10;
  95   2              if(shu==398)
  96   2              {
  97   3              TR0=0;
  98   3          TH0=(65536-50000)/256;
  99   3          TL0=(65536-50000)/256;
 100   3              TR0=1;
 101   3              a0=0;
 102   3              P1=0xff;
 103   3              flag=1;
 104   3              TR1=0;
 105   3              }
 106   2              display1(bai,shi,ge);
 107   2              }
 108   1      
 109   1      
 110   1         }     
 111                   
 112                   
 113                   
 114                   void delay(uint z)
 115          {
 116   1      uint x,y;
 117   1      for(x=z;x>0;x--)
C51 COMPILER V9.01   HOME                                                                  02/27/2021 17:44:42 PAGE 3   

 118   1      for(y=110;y>=0;y--)
 119   1      ;
 120   1      }
 121            void display1(uchar aa,uchar bb,uchar cc)
 122          {
 123   1      P0=0xff;//消隐
 124   1      wela=1;
 125   1      P0=0xf7;
 126   1      wela=0;
 127   1      dula=1;
 128   1      P0=table[aa];
 129   1      dula=0;
 130   1      delay(1);
 131   1      
 132   1      P0=0xff;//
 133   1      wela=1;
 134   1      P0=0xef;
 135   1      wela=0;
 136   1      dula=1;
 137   1      P0=table[bb];
 138   1      dula=0;
 139   1      delay(1);
 140   1      
 141   1      P0=0xff;//
 142   1      wela=1;
 143   1      P0=0xdf;
 144   1      wela=0;
 145   1      dula=1;
 146   1      P0=table[cc];
 147   1      dula=0;
 148   1      delay(1);
 149   1      }
 150          
 151                          void display2(uchar bai,uchar shi,uchar ge)
 152          {
 153   1      P0=0xff;//消隐
 154   1      wela=1;
 155   1      P0=0xfe;
 156   1      wela=0;
 157   1      dula=1;
 158   1      P0=table[bai];
 159   1      dula=0;
 160   1      delay(1);
 161   1      
 162   1      P0=0xff;//
 163   1      wela=1;
 164   1      P0=0xfd;
 165   1      wela=0;
 166   1      dula=1;
 167   1      P0=table[shi];
 168   1      dula=0;
 169   1      delay(1);
 170   1      
 171   1      P0=0xff;//
 172   1      wela=1;
 173   1      P0=0xfb;
 174   1      wela=0;
 175   1      dula=1;
 176   1      P0=table[ge];
 177   1      dula=0;
 178   1      delay(1);
 179   1      }
C51 COMPILER V9.01   HOME                                                                  02/27/2021 17:44:42 PAGE 4   



MODULE INFORMATION:   STATIC OVERLAYABLE
   CODE SIZE        =    501    ----
   CONSTANT SIZE    =     20    ----
   XDATA SIZE       =   ----    ----
   PDATA SIZE       =   ----    ----
   DATA SIZE        =     10    ----
   IDATA SIZE       =   ----    ----
   BIT SIZE         =   ----    ----
END OF MODULE INFORMATION.


C51 COMPILATION COMPLETE.  0 WARNING(S),  0 ERROR(S)
