C51 COMPILER V9.01   KEYLESSON                                                             02/27/2021 20:27:30 PAGE 1   


C51 COMPILER V9.01, COMPILATION OF MODULE KEYLESSON
OBJECT MODULE PLACED IN keylesson.OBJ
COMPILER INVOKED BY: C:\单片机\C51\BIN\C51.EXE keylesson.c BROWSE DEBUG OBJECTEXTEND

line level    source

   1          #include<reg52.h>
   2          #define uint unsigned int
   3          #define uchar unsigned char
   4          uchar num;
   5          void delay(uint z);  
   6          uchar code table[]={  0x3f,0x06,0x5b,0x4f,
   7                                                    0x66,0x6d,0x7d,0x07,
   8                                                    0x7f,0x6f,0x77,0x7c,
   9                                                    0x39,0x5e,0x79,0x71};
  10          sbit d1=P1^0;
  11          sbit key1=P3^4; //按键1
  12          sbit dula=P2^6;
  13          sbit wela=P2^7;
  14          
  15          void main()
  16          {
  17   1      P3=0xff;
  18   1      num=0;
  19   1      wela=1;
  20   1      P0=0xfe;
  21   1      wela=0;
  22   1      while(1)
  23   1      {
  24   2      if(key1==0)     //按键检测
  25   2      {
  26   3      delay(5);// 消除按下抖动
  27   3      if(key1==0)      //再次检测防误触
  28   3      {
  29   4      d1=0;
  30   4      num++;
  31   4      if(num==10)     //10次回零
  32   4      num=0;
  33   4      }
  34   3      while(!key1);//松手等待按键释放
  35   3      delay(5); //松手消抖
  36   3      }                                                                                                                                       
  37   2      else
  38   2      {
  39   3      d1=1;
  40   3      }
  41   2      dula=1;
  42   2      P0=table[num];
  43   2      dula=0;
  44   2      }
  45   1      }               
  46          void delay(uint z)
  47          {uint x,y;
  48   1      for(x=z;x>0;x++)
  49   1      for(y=110;y>0;y++);
  50   1      }


MODULE INFORMATION:   STATIC OVERLAYABLE
   CODE SIZE        =     96    ----
   CONSTANT SIZE    =     16    ----
C51 COMPILER V9.01   KEYLESSON                                                             02/27/2021 20:27:30 PAGE 2   

   XDATA SIZE       =   ----    ----
   PDATA SIZE       =   ----    ----
   DATA SIZE        =      1    ----
   IDATA SIZE       =   ----    ----
   BIT SIZE         =   ----    ----
END OF MODULE INFORMATION.


C51 COMPILATION COMPLETE.  0 WARNING(S),  0 ERROR(S)
