C51 COMPILER V9.01   LED                                                                   03/07/2021 13:49:48 PAGE 1   


C51 COMPILER V9.01, COMPILATION OF MODULE LED
OBJECT MODULE PLACED IN led.OBJ
COMPILER INVOKED BY: C:\µ¥Æ¬»ú\C51\BIN\C51.EXE led.c BROWSE DEBUG OBJECTEXTEND

line level    source

   1          #include<reg52.h>
   2          #include<intrins.h>
   3          #define uchar unsigned char
   4          #define uint unsigned int
   5          uchar temp;
   6          void delay(uint z);
   7          void main()
   8          {
   9   1      temp=0xfe;
  10   1      while(1)
  11   1      {
  12   2      P1=temp;
  13   2      temp=_crol_(temp,1);
  14   2      delay(20);
  15   2      }
  16   1      }
  17          void delay(uint z)
  18          {
  19   1      uint x,y;
  20   1      for(x=z;x>0;x--)
  21   1      for(y=110;y>0;y--)
  22   1      ;
  23   1      }


MODULE INFORMATION:   STATIC OVERLAYABLE
   CODE SIZE        =     58    ----
   CONSTANT SIZE    =   ----    ----
   XDATA SIZE       =   ----    ----
   PDATA SIZE       =   ----    ----
   DATA SIZE        =      1    ----
   IDATA SIZE       =   ----    ----
   BIT SIZE         =   ----    ----
END OF MODULE INFORMATION.


C51 COMPILATION COMPLETE.  0 WARNING(S),  0 ERROR(S)
