C51 COMPILER V9.01   LESSON_4                                                              02/27/2021 11:57:20 PAGE 1   


C51 COMPILER V9.01, COMPILATION OF MODULE LESSON_4
OBJECT MODULE PLACED IN lesson_4.OBJ
COMPILER INVOKED BY: C:\µ¥Æ¬»ú\C51\BIN\C51.EXE lesson_4.c BROWSE DEBUG OBJECTEXTEND

line level    source

   1          #include<reg52.h>
   2          #include<intrins.h>
   3          #define uint unsigned int
   4          #define uchar unsigned char
   5          uchar temp,num,aa;
   6          sbit dula=P2^6;
   7          sbit wela=P2^7;
   8          uchar code table[]={  0x3f,0x06,0x5b,0x4f,
   9                                                    0x66,0x6d,0x7d,0x07,
  10                                                    0x7f,0x6f,0x77,0x7c,
  11                                                    0x39,0x5e,0x79,0x71};
  12          void delay(uint z);
  13          void main()
  14          {
  15   1      num=0;
  16   1      aa=0;
  17   1      TMOD=0x01;
  18   1      TH0=(65536-50000)/256;
  19   1      TL0=(65536-50000)%256;
  20   1      EA=1;
  21   1      ET0=1;
  22   1      TR0=1;
  23   1      
  24   1      temp=0xfe;
  25   1      dula=1;
  26   1      P0=table[0];
  27   1      dula= 0;
  28   1      wela=1;
  29   1      P0=0xc0;
  30   1      wela=0;
  31   1      while(1)
  32   1      {
  33   2      P0=temp;
  34   2      delay(1000);
  35   2      temp=_crol_(temp,1);
  36   2      
  37   2      }
  38   1      
  39   1      
  40   1      
  41   1      }
  42          void delay(uint z)
  43          {uint x,y;
  44   1      for(x=z;x>0;x++)
  45   1      for(y=110;y>0;y++);
  46   1      }
  47          void timer0() interrupt 1
  48          {
  49   1        TH0=(65536-50000)/256;
  50   1        TL0=(65536-50000)%256;
  51   1        aa++;
  52   1        if(aa==40)
  53   1        {
  54   2        num++;
  55   2        if(num==16)
C51 COMPILER V9.01   LESSON_4                                                              02/27/2021 11:57:20 PAGE 2   

  56   2        num=0;
  57   2        dula=1;
  58   2        P0=table[num];
  59   2        }
  60   1      
  61   1      
  62   1      
  63   1      } 


MODULE INFORMATION:   STATIC OVERLAYABLE
   CODE SIZE        =    145    ----
   CONSTANT SIZE    =     16    ----
   XDATA SIZE       =   ----    ----
   PDATA SIZE       =   ----    ----
   DATA SIZE        =      3    ----
   IDATA SIZE       =   ----    ----
   BIT SIZE         =   ----    ----
END OF MODULE INFORMATION.


C51 COMPILATION COMPLETE.  0 WARNING(S),  0 ERROR(S)
