C51 COMPILER V9.01   LESSON_3                                                              02/26/2021 10:00:32 PAGE 1   


C51 COMPILER V9.01, COMPILATION OF MODULE LESSON_3
OBJECT MODULE PLACED IN lesson-3.OBJ
COMPILER INVOKED BY: C:\µ¥Æ¬»ú\C51\BIN\C51.EXE lesson-3.c BROWSE DEBUG OBJECTEXTEND

line level    source

   1             #include<reg52.h>
   2             sbit di=P1^0;
   3             unsigned int a;
   4             void main()
   5             {
   6   1         
   7   1         while(1)
   8   1         
   9   1         {di=0;
  10   2         a=50000;
  11   2         while(a--);
  12   2         di=1;
  13   2         a=5000;
  14   2         while(a--);
  15   2         }
  16   1         
  17   1         
  18   1         
  19   1         }


MODULE INFORMATION:   STATIC OVERLAYABLE
   CODE SIZE        =     44    ----
   CONSTANT SIZE    =   ----    ----
   XDATA SIZE       =   ----    ----
   PDATA SIZE       =   ----    ----
   DATA SIZE        =      2    ----
   IDATA SIZE       =   ----    ----
   BIT SIZE         =   ----    ----
END OF MODULE INFORMATION.


C51 COMPILATION COMPLETE.  0 WARNING(S),  0 ERROR(S)
