C51 COMPILER V9.01   LESSON_301                                                            02/26/2021 17:27:54 PAGE 1   


C51 COMPILER V9.01, COMPILATION OF MODULE LESSON_301
OBJECT MODULE PLACED IN lesson_301.OBJ
COMPILER INVOKED BY: C:\µ¥Æ¬»ú\C51\BIN\C51.EXE lesson_301.c BROWSE DEBUG OBJECTEXTEND

line level    source

   1          #include<reg52.h>
   2          #include<intrins.h>
   3          #define uint unsigned int 
   4          #define uchar unsigned char
   5          uchar temp; 
   6          sbit beep=P2^3;
   7          void delay_(uint z);
   8          void main()
   9          { 
  10   1      temp=0xfe;
  11   1      while(1)
  12   1      {
  13   2      beep=0;
  14   2      P1=temp;
  15   2      temp=_crol_(temp,1);
  16   2      delay_(100);
  17   2      beep=1;
  18   2      
  19   2      }
  20   1      
  21   1      }
  22          
  23          void delay_(uint z)
  24          {
  25   1      uint x,y;
  26   1      for(x=z;x>0;x--)
  27   1      for(y=110;y>0;y--)
  28   1      ;
  29   1      }


MODULE INFORMATION:   STATIC OVERLAYABLE
   CODE SIZE        =     62    ----
   CONSTANT SIZE    =   ----    ----
   XDATA SIZE       =   ----    ----
   PDATA SIZE       =   ----    ----
   DATA SIZE        =      1    ----
   IDATA SIZE       =   ----    ----
   BIT SIZE         =   ----    ----
END OF MODULE INFORMATION.


C51 COMPILATION COMPLETE.  0 WARNING(S),  0 ERROR(S)
