C51 COMPILER V9.01   SMART_CAR_1_0                                                         03/21/2021 22:33:04 PAGE 1   


C51 COMPILER V9.01, COMPILATION OF MODULE SMART_CAR_1_0
OBJECT MODULE PLACED IN smart car 1.0.OBJ
COMPILER INVOKED BY: C:\单片机\C51\BIN\C51.EXE smart car 1.0.c BROWSE DEBUG OBJECTEXTEND

line level    source

   1          #include<reg52.h>
   2          sbit ENA=P1^5;
   3          sbit IN1=P1^4;
   4          sbit IN2=P1^3;
   5          sbit IN3=P1^2;
   6          sbit IN4=P1^1;
   7          sbit ENB=P1^0;
   8          #define uchar unsigned char
   9          uchar flag,date;
  10          void init()
  11          {
  12   1      TMOD=0X20;//计时器1工作方式设置2
  13   1      TH1=0xfd;
  14   1      TL1=0xfd;//T1计时器装初值
  15   1      TR1=1;
  16   1      SM0=0;
  17   1      SM1=1;//设定串口工作方式1
  18   1      REN=1;
  19   1      EA=1;//总中断
  20   1      ES=1;//串口中断
  21   1      flag=0;
  22   1      }
  23          void run_()
  24          {
  25   1      IN1=1;
  26   1      IN2=0; 
  27   1      IN3=1;
  28   1      IN4=0;
  29   1      }
  30          void back_()
  31          {
  32   1       IN1=0;
  33   1       IN2=1;
  34   1       IN3=0;
  35   1       IN4=1;
  36   1      }
  37          void left_()
  38          {
  39   1      IN1=0;
  40   1      IN2=1;
  41   1      IN3=1;
  42   1      IN4=0;
  43   1      }
  44          void right_()
  45          {
  46   1      IN1=1;
  47   1      IN2=0;
  48   1      IN3=0;
  49   1      IN4=1;
  50   1      }
  51          void stop_()
  52          {
  53   1      ENA=0;
  54   1      ENB=0;
  55   1      }
C51 COMPILER V9.01   SMART_CAR_1_0                                                         03/21/2021 22:33:04 PAGE 2   

  56          void begin_()
  57          {
  58   1      ENA=1;
  59   1      ENB=1;
  60   1      }
  61          void main()
  62          {
  63   1      init();
  64   1      ENA=1;
  65   1      ENB=1;
  66   1      while(1)
  67   1      {
  68   2      if(flag==1)
  69   2      {
  70   3      switch(date)
  71   3      {
  72   4              case 1 : run_(); break;
  73   4              case 2 : back_(); break;
  74   4              case 3 : left_(); break;
  75   4              case 4 : right_(); break;
  76   4              case 5 : stop_(); break;
  77   4              case 6 : begin_();break;
  78   4              default: break;
  79   4      }
  80   3      flag=0;
  81   3      }
  82   2      RI=1;
  83   2      }
  84   1      }
  85          void ser() interrupt 4
  86          {
  87   1      RI=0;
  88   1      date=SBUF;
  89   1      flag=1; 
  90   1      }


MODULE INFORMATION:   STATIC OVERLAYABLE
   CODE SIZE        =    150    ----
   CONSTANT SIZE    =   ----    ----
   XDATA SIZE       =   ----    ----
   PDATA SIZE       =   ----    ----
   DATA SIZE        =      2    ----
   IDATA SIZE       =   ----    ----
   BIT SIZE         =   ----    ----
END OF MODULE INFORMATION.


C51 COMPILATION COMPLETE.  0 WARNING(S),  0 ERROR(S)
