C51 COMPILER V9.01   STARET                                                                03/06/2021 16:48:39 PAGE 1   


C51 COMPILER V9.01, COMPILATION OF MODULE STARET
OBJECT MODULE PLACED IN staret.OBJ
COMPILER INVOKED BY: C:\单片机\C51\BIN\C51.EXE staret.c BROWSE DEBUG OBJECTEXTEND

line level    source

   1          #include<reg52.h>
   2          #define uchar unsigned char
   3          #define uint unsigned int
   4          sbit sda=P2^0;
   5          sbit scl=P2^1;
   6          void delay1(uint z)
   7          {
   8   1      uint x,y;
   9   1      for(x=z;x>0;x--)
  10   1      for(y=110;y>0;y--)
  11   1      ;
  12   1      }
  13          void delay()
  14          {
  15   1       ;;     //不用太长
  16   1      }
  17          void start()
  18          {
  19   1      sda=1;
  20   1      delay();
  21   1      scl=1;
  22   1      delay();
  23   1      sda=0;
  24   1      delay();
  25   1      }
  26          void stop()
  27          {
  28   1      sda=0;
  29   1      delay();
  30   1      scl=1;
  31   1      delay();
  32   1      sda=1;
  33   1      delay();
  34   1      }
  35          void response()//应答信号
  36          {
  37   1      uchar i=0;
  38   1      scl=1;
  39   1      while((sda==1)&&(i<255))//应答或超时应答
  40   1      {i++;}
  41   1      scl=0;
  42   1      delay();
  43   1      }
  44          void init()
  45          {
  46   1      sda=1;
  47   1      scl=1;
  48   1      }
  49          void write_byte(uchar date)
  50          {
  51   1      uchar i,temp;
  52   1      scl=0;
  53   1      temp=date;
  54   1      delay();
  55   1      for(i=0;i<8;i++)
C51 COMPILER V9.01   STARET                                                                03/06/2021 16:48:39 PAGE 2   

  56   1      {
  57   2      temp=temp<<1;
  58   2      sda=CY;
  59   2      delay();
  60   2      scl=1;
  61   2      delay();
  62   2      scl=0;
  63   2      }
  64   1      sda=1;
  65   1      delay();
  66   1      }  
  67          uchar read_byte()
  68          {
  69   1      uchar i,j,k;
  70   1      scl=0;
  71   1      delay();
  72   1      sda=1;
  73   1      delay();
  74   1      for(i=0;i<8;i++)
  75   1      {
  76   2      scl=1;
  77   2      delay();
  78   2      j=sda;
  79   2      k=(k<<1)|j;
  80   2      scl=0;
  81   2      delay();
  82   2      }
  83   1      return(k);
  84   1      }
  85                    void write_add(uchar adress,uchar date)
  86          {
  87   1      start();
  88   1      write_byte(0xa0);//器件地址
  89   1      response();      //应答
  90   1      write_byte(adress);      //写入地址
  91   1      response();
  92   1      write_byte(date);//写入数据
  93   1      response();
  94   1      stop();
  95   1      }
  96          uchar read_add(uchar address)
  97          {
  98   1      uchar date;
  99   1      start();
 100   1      write_byte(0xa0);
 101   1      response();
 102   1      write_byte(address);
 103   1      response();
 104   1      write_byte(0xa1);
 105   1      response();
 106   1      date=read_byte();
 107   1      stop();
 108   1      return date;
 109   1      }
 110          void main()
 111          {
 112   1      init();
 113   1      write_add(23,125);
 114   1      delay1(100);//读写间应该隔时间
 115   1      P1=read_add(23);
 116   1      while(1);
 117   1      }
C51 COMPILER V9.01   STARET                                                                03/06/2021 16:48:39 PAGE 3   



MODULE INFORMATION:   STATIC OVERLAYABLE
   CODE SIZE        =    229    ----
   CONSTANT SIZE    =   ----    ----
   XDATA SIZE       =   ----    ----
   PDATA SIZE       =   ----    ----
   DATA SIZE        =   ----    ----
   IDATA SIZE       =   ----    ----
   BIT SIZE         =   ----    ----
END OF MODULE INFORMATION.


C51 COMPILATION COMPLETE.  0 WARNING(S),  0 ERROR(S)
