C51 COMPILER V9.01   TEXTLED                                                               03/07/2021 14:40:04 PAGE 1   


C51 COMPILER V9.01, COMPILATION OF MODULE TEXTLED
OBJECT MODULE PLACED IN textLED.OBJ
COMPILER INVOKED BY: C:\µ¥Æ¬»ú\C51\BIN\C51.EXE textLED.c BROWSE DEBUG OBJECTEXTEND

line level    source

   1          #include<reg52.h>
   2          sbit wei1=P2^0;
   3          void main()
   4          {
   5   1      wei1=1;
   6   1      while(1)
   7   1      {
   8   2      P0=0x00;
   9   2      }
  10   1      }


MODULE INFORMATION:   STATIC OVERLAYABLE
   CODE SIZE        =      7    ----
   CONSTANT SIZE    =   ----    ----
   XDATA SIZE       =   ----    ----
   PDATA SIZE       =   ----    ----
   DATA SIZE        =   ----    ----
   IDATA SIZE       =   ----    ----
   BIT SIZE         =   ----    ----
END OF MODULE INFORMATION.


C51 COMPILATION COMPLETE.  0 WARNING(S),  0 ERROR(S)
