C51 COMPILER V9.01   VOID_INIT                                                             02/27/2021 15:00:38 PAGE 1   


C51 COMPILER V9.01, COMPILATION OF MODULE VOID_INIT
OBJECT MODULE PLACED IN void init.OBJ
COMPILER INVOKED BY: C:\单片机\C51\BIN\C51.EXE void init.c BROWSE DEBUG OBJECTEXTEND

line level    source

   1             
   2             
   3             void init()
   4             {
   5   1         TMOD=0x01;             //定时器模式1
*** ERROR C202 IN LINE 5 OF VOID INIT.C: 'TMOD': undefined identifier
   6   1         TH0=(65536-50000)/256; //定时器初始化为50毫秒每次中断
*** ERROR C202 IN LINE 6 OF VOID INIT.C: 'TH0': undefined identifier
   7   1         TL0=(65536-50000)/256;
*** ERROR C202 IN LINE 7 OF VOID INIT.C: 'TL0': undefined identifier
   8   1         EA=1;                                  //总中断打开
*** ERROR C202 IN LINE 8 OF VOID INIT.C: 'EA': undefined identifier
   9   1         ET0=1;                                 //定时器T0中断打卡
*** ERROR C202 IN LINE 9 OF VOID INIT.C: 'ET0': undefined identifier
  10   1         TR0=1;                 //定时器打开
*** ERROR C202 IN LINE 10 OF VOID INIT.C: 'TR0': undefined identifier
  11   1         }

C51 COMPILATION COMPLETE.  0 WARNING(S),  6 ERROR(S)
