C51 COMPILER V9.01   黄_小车                                                              06/20/2021 23:19:41 PAGE 1   


C51 COMPILER V9.01, COMPILATION OF MODULE 黄_小车
OBJECT MODULE PLACED IN 黄杰小车.OBJ
COMPILER INVOKED BY: C:\单片机\C51\BIN\C51.EXE 黄杰小车.c BROWSE DEBUG OBJECTEXTEND

line level    source

   1                                                                            /******************************************************************
   2          **                        头文件
   3          ******************************************************************/
   4          #include<AT89X52.H>       
   5          
   6          /******************************************************************
   7          **                       电机驱动定义
   8          ******************************************************************/
   9          #define Left_moto_Stop    {P1_1=0,P1_2=0;}    //左电机停转 
  10          #define Left_moto_go      {P1_1=1,P1_2=0;}    //左电机正转
  11          #define Left_moto_back    {P1_1=0,P1_2=1;}        //左电机反转
  12          #define Right_moto_Stop   {P1_4=0,P1_5=0;}        //右电机停转                     
  13          #define Right_moto_go     {P1_4=1,P1_5=0;}        //右电机正转
  14          #define Right_moto_back   {P1_4=0,P1_5=1;}        //右电机反转
  15          #define Daka_go         {P1_6=0,P1_7=1;}          //向下打卡
  16          #define Daka_back       {P1_6=1,P1_7=0;}          //向上打卡
  17          #define Daka_stop       {P1_6=0,P1_7=0;}          //停止打卡
  18          #define Left_moto_pwm       P1_0          //PWM信号端
  19          #define Right_moto_pwm    P1_3    //PWM信号端
  20          
  21          #define Left_1_led        P3_6    //左传感器       
  22          #define Right_1_led       P3_7    //右传感器 
  23          
  24          sbit BUZZ = P2^3;                 //蜂鸣器引脚
  25          
  26          /******************************************************************
  27          **                       PWM调速相关变量
  28          ******************************************************************/
  29          unsigned char pwm_val_left  =0;              //变量定义
  30          unsigned char push_val_left =0;              //左电机占空比N/20
  31          unsigned char pwm_val_right =0;
  32          unsigned char push_val_right=0;              //右电机占空比N/20
  33          bit Right_moto_stop=1;
  34          bit Left_moto_stop =1;
  35          unsigned  int  time=0;
  36          
  37          /******************************************************************
  38          **                       延时函数
  39          ******************************************************************/     
  40          void delay(unsigned int k)
  41          {    
  42   1           unsigned int x,y;
  43   1               for(x=0;x<k;x++) 
  44   1                 for(y=0;y<3000;y++);
  45   1      }
  46          
  47          /******************************************************************
  48          **                       小车前进
  49          ******************************************************************/
  50          void  front_run(void)
  51          {
  52   1               push_val_left=10;
  53   1      
  54   1               push_val_right=12;
  55   1               Left_moto_go;   
C51 COMPILER V9.01   黄_小车                                                              06/20/2021 23:19:41 PAGE 2   

  56   1               Right_moto_go;  
  57   1      }
  58          
  59          /******************************************************************
  60          **                       小车后退
  61          ******************************************************************/
  62          void  back_run(void)
  63          {
  64   1               push_val_left=10;
  65   1               push_val_right=12;
  66   1               Left_moto_back;   
  67   1               Right_moto_back;  
  68   1      }
  69          
  70          
  71          /******************************************************************
  72          **                       小车左转
  73          ******************************************************************/
  74          void  left_run(void)
  75          {
  76   1               push_val_left=0;
  77   1               push_val_right=15;
  78   1               Right_moto_go;   
  79   1               Left_moto_back;  
  80   1      }
  81          
  82          /******************************************************************
  83          **                       小车右转
  84          ******************************************************************/
  85          void  right_run(void)
  86          {
  87   1               push_val_left=12;
  88   1               push_val_right=0;
  89   1               Left_moto_go;   
  90   1               Right_moto_back;  
  91   1      }
  92          
  93          /******************************************************************
  94          **                       小车停走
  95          ******************************************************************/
  96          void  stop(void)
  97          {
  98   1               Left_moto_Stop;
  99   1               Right_moto_Stop;    
 100   1      }
 101          
 102          /******************************************************************
 103          **                       左电机调速
 104          ******************************************************************/
 105          void pwm_out_left_moto(void)
 106          {  
 107   1              if(Left_moto_stop)
 108   1              {
 109   2                  if(pwm_val_left<=push_val_left)
 110   2                              {
 111   3                                      Left_moto_pwm=1; 
 112   3              
 113   3                              }
 114   2                      else 
 115   2                          {
 116   3                              Left_moto_pwm=0;
 117   3              
C51 COMPILER V9.01   黄_小车                                                              06/20/2021 23:19:41 PAGE 3   

 118   3                              }
 119   2                      if(pwm_val_left>=20)
 120   2                          pwm_val_left=0;
 121   2              }
 122   1              else    
 123   1              {
 124   2                      Left_moto_pwm=0;
 125   2              }
 126   1      }
 127          
 128          /******************************************************************
 129          **                       右电机调速
 130          ******************************************************************/
 131          void pwm_out_right_moto(void)
 132          { 
 133   1              if(Right_moto_stop)
 134   1          { 
 135   2              if(pwm_val_right<=push_val_right)
 136   2                  {
 137   3                      Right_moto_pwm=1; 
 138   3                      }
 139   2              else 
 140   2                  {
 141   3                              Right_moto_pwm=0;
 142   3                      }
 143   2              if(pwm_val_right>=20)
 144   2                     pwm_val_right=0;
 145   2         }
 146   1         else    
 147   1         {
 148   2             Right_moto_pwm=0;
 149   2      
 150   2         }
 151   1      }
 152          
 153          /******************************************************************
 154          **                       定时器0初始化
 155          ******************************************************************/
 156          void timer0_Init(void)
 157          {
 158   1              TMOD=0X01;
 159   1              TH0= 0XFc;                //1ms定时
 160   1              TL0= 0X18;
 161   1              TR0= 1;
 162   1              ET0= 1;
 163   1              EA = 1;                    //开总中断   
 164   1      }
 165                     
 166          /******************************************************************
 167          **                   定时器0中断服务子程序
 168          ******************************************************************/
 169          void timer0()interrupt 1   using 2
 170          {
 171   1         TH0=0XFc;      
 172   1               TL0=0X18;
 173   1               time++;
 174   1               pwm_val_left++;
 175   1               pwm_val_right++;
 176   1               pwm_out_left_moto();
 177   1               pwm_out_right_moto();
 178   1       }      
 179          
C51 COMPILER V9.01   黄_小车                                                              06/20/2021 23:19:41 PAGE 4   

 180          /******************************************************************
 181          **                       主函数
 182          ******************************************************************/
 183          void main(void)
 184          {
 185   1              unsigned char i;
 186   1              stop();                 //小车停转          
 187   1      
 188   1        timer0_Init();     
 189   1              while(1)
 190   1              {
 191   2                      if(Left_1_led==0&&Right_1_led==0)      //无黑线
 192   2                         front_run();                        //前进
 193   2                      else
 194   2                  {                     
 195   3                              if(Left_1_led==1&&Right_1_led==0)    //左边有黑线
 196   3                              {
 197   4                                      left_run();                                  //左转
 198   4                              }  
 199   3                              if(Right_1_led==1&&Left_1_led==0)    //右边有黑线
 200   3                          {     
 201   4                                      right_run();                               //右转
 202   4                          }
 203   3                              if(Right_1_led==1&&Left_1_led==1)    //前方有黑线
 204   3                          {     
 205   4                                      stop();                                  //停车
 206   4                      Daka_go;
 207   4                      delay (10);
 208   4                      Daka_back;
 209   4                      delay (10);
 210   4                      Daka_stop;
 211   4                      front_run();
 212   4                      delay (10);
 213   4                          }
 214   3                      }        
 215   2              }
 216   1      }
*** WARNING C280 IN LINE 185 OF 黄杰小车.C: 'i': unreferenced local variable
 217          /******************************************************************
 218          **                        结束
 219          ******************************************************************/


MODULE INFORMATION:   STATIC OVERLAYABLE
   CODE SIZE        =    284    ----
   CONSTANT SIZE    =   ----    ----
   XDATA SIZE       =   ----    ----
   PDATA SIZE       =   ----    ----
   DATA SIZE        =      6       1
   IDATA SIZE       =   ----    ----
   BIT SIZE         =      2    ----
END OF MODULE INFORMATION.


C51 COMPILATION COMPLETE.  1 WARNING(S),  0 ERROR(S)
